<?xml version="1.0" encoding="UTF-8"?>
<TestRun id="68b0f8fc-97f5-4cb9-9288-57f9892d0de8" name="A27A7WT@ARISTOTLE 2012-10-27 16:55:57" runUser="GEAEAVSYS\A27A7WT" xmlns="http://microsoft.com/schemas/VisualStudio/TeamTest/2010">
  <TestSettings name="Default Test Settings" id="45b8d2d8-df6a-4d5e-9aba-c793061f9118">
    <Deployment userDeploymentRoot="D:\SPCASW\SPCASW\TestResults" useDefaultDeploymentRoot="false" runDeploymentRoot="A27A7WT_ARISTOTLE 2012-10-27 16_55_57">
      <DeploymentItem filename="D:\SPCASW\SPCASW\packages\EntityFramework.4.1.10331.0\lib\EntityFramework.dll" />
      <DeploymentItem filename="D:\SPCASW\SPCASW\SPCASW.Data\bin\Debug\SPCASW.Data.dll" />
      <DeploymentItem filename="D:\SPCASW\SPCASW\SPCASW.Common\bin\Debug\SPCASW.Common.dll" />
      <DeploymentItem filename="D:\SPCASW\SPCASW\SPCASW.Marketing\bin\Debug\SPCASW.Marketing.dll" />
      <DeploymentItem filename="D:\SPCASW\SPCASW\SPCASW.PetPoint\bin\Debug\SPCASW.PetPoint.dll" />
    </Deployment>
    <Execution>
      <TestTypeSpecific />
      <AgentRule name="Execution Agents">
      </AgentRule>
    </Execution>
  </TestSettings>
  <Times creation="2012-10-27T16:55:57.4933357-04:00" queuing="2012-10-27T16:56:03.0886558-04:00" start="2012-10-27T16:56:03.0956562-04:00" finish="2012-10-27T17:04:00.1099398-04:00" />
  <ResultSummary outcome="Completed">
    <Counters total="1" executed="1" passed="1" error="0" failed="0" timeout="0" aborted="0" inconclusive="0" passedButRunAborted="0" notRunnable="0" notExecuted="0" disconnected="0" warning="0" completed="0" inProgress="0" pending="0" />
  </ResultSummary>
  <TestDefinitions>
    <UnitTest name="BuildXMLContacts" storage="d:\spcasw\spcasw\spcasw.tests\bin\debug\spcasw.tests.dll" id="7374743f-7233-c344-bbdd-0ead29670033">
      <Execution id="c64259c7-52b3-4eab-a6a4-87c2c00bb5de" />
      <TestMethod codeBase="D:/SPCASW/SPCASW/SPCASW.Tests/bin/Debug/SPCASW.Tests.DLL" adapterTypeName="Microsoft.VisualStudio.TestTools.TestTypes.Unit.UnitTestAdapter, Microsoft.VisualStudio.QualityTools.Tips.UnitTest.Adapter, Version=10.0.0.0, Culture=neutral, PublicKeyToken=b03f5f7f11d50a3a" className="SPCASW.Tests.Controllers.LoadXMLContacts, SPCASW.Tests, Version=1.0.0.0, Culture=neutral, PublicKeyToken=null" name="BuildXMLContacts" />
    </UnitTest>
  </TestDefinitions>
  <TestLists>
    <TestList name="Results Not in a List" id="8c84fa94-04c1-424b-9868-57a2d4851a1d" />
    <TestList name="All Loaded Results" id="19431567-8539-422a-85d7-44ee4e166bda" />
  </TestLists>
  <TestEntries>
    <TestEntry testId="7374743f-7233-c344-bbdd-0ead29670033" executionId="c64259c7-52b3-4eab-a6a4-87c2c00bb5de" testListId="8c84fa94-04c1-424b-9868-57a2d4851a1d" />
  </TestEntries>
  <Results>
    <UnitTestResult executionId="c64259c7-52b3-4eab-a6a4-87c2c00bb5de" testId="7374743f-7233-c344-bbdd-0ead29670033" testName="BuildXMLContacts" computerName="ARISTOTLE" duration="00:07:56.6917970" startTime="2012-10-27T16:56:03.1046567-04:00" endTime="2012-10-27T17:04:00.0419359-04:00" testType="13cdc9d9-ddb5-4fa4-a97d-d965ccfc6d4b" outcome="Passed" testListId="8c84fa94-04c1-424b-9868-57a2d4851a1d" relativeResultsDirectory="c64259c7-52b3-4eab-a6a4-87c2c00bb5de">
    </UnitTestResult>
  </Results>
</TestRun>