<?xml version="1.0" encoding="UTF-8"?>
<TestRun id="25f3dfae-28b6-4822-b9a0-711ebec076ff" name="A27A7WT@ARISTOTLE 2012-10-27 18:21:44" runUser="GEAEAVSYS\A27A7WT" xmlns="http://microsoft.com/schemas/VisualStudio/TeamTest/2010">
  <TestSettings name="Default Test Settings" id="9930f17f-9fc6-405c-9d73-e9554b200b8e">
    <Deployment runDeploymentRoot="A27A7WT_ARISTOTLE 2012-10-27 18_21_44">
      <DeploymentItem filename="D:\SPCASW\SPCASW\packages\EntityFramework.4.1.10331.0\lib\EntityFramework.dll" />
      <DeploymentItem filename="D:\SPCASW\SPCASW\SPCASW.Data\bin\Debug\SPCASW.Data.dll" />
      <DeploymentItem filename="D:\SPCASW\SPCASW\SPCASW.Common\bin\Debug\SPCASW.Common.dll" />
      <DeploymentItem filename="D:\SPCASW\SPCASW\SPCASW.Marketing\bin\Debug\SPCASW.Marketing.dll" />
      <DeploymentItem filename="D:\SPCASW\SPCASW\SPCASW.PetPoint\bin\Debug\SPCASW.PetPoint.dll" />
    </Deployment>
    <Execution>
      <TestTypeSpecific />
      <AgentRule name="Execution Agents">
      </AgentRule>
    </Execution>
  </TestSettings>
  <Times creation="2012-10-27T18:21:44.3793956-04:00" queuing="2012-10-27T18:21:46.5436571-04:00" start="2012-10-27T18:21:46.7308575-04:00" finish="2012-10-27T18:22:50.1932693-04:00" />
  <ResultSummary outcome="Error">
    <Counters total="1" executed="1" error="0" failed="0" timeout="0" aborted="1" inconclusive="0" passedButRunAborted="0" notRunnable="0" notExecuted="0" disconnected="0" warning="0" passed="0" completed="0" inProgress="0" pending="0" />
    <RunInfos>
      <RunInfo computerName="ARISTOTLE" outcome="Error" timestamp="2012-10-27T18:22:50.1932693-04:00">
        <Text>Test host process exited unexpectedly.</Text>
      </RunInfo>
    </RunInfos>
  </ResultSummary>
  <TestDefinitions>
    <UnitTest name="LoadData" storage="d:\spcasw\spcasw\spcasw.tests\bin\debug\spcasw.tests.dll" id="12a5c15c-67f7-d728-c2f3-ae15c1da0fe4">
      <Execution id="34a1913a-d8ed-427f-8083-c263bd337c4f" />
      <TestMethod codeBase="D:/SPCASW/SPCASW/SPCASW.Tests/bin/Debug/SPCASW.Tests.DLL" adapterTypeName="Microsoft.VisualStudio.TestTools.TestTypes.Unit.UnitTestAdapter, Microsoft.VisualStudio.QualityTools.Tips.UnitTest.Adapter, Version=10.0.0.0, Culture=neutral, PublicKeyToken=b03f5f7f11d50a3a" className="SPCASW.Tests.Controllers.LoadPetPointData, SPCASW.Tests, Version=1.0.0.0, Culture=neutral, PublicKeyToken=null" name="LoadData" />
    </UnitTest>
  </TestDefinitions>
  <TestLists>
    <TestList name="Results Not in a List" id="8c84fa94-04c1-424b-9868-57a2d4851a1d" />
    <TestList name="All Loaded Results" id="19431567-8539-422a-85d7-44ee4e166bda" />
  </TestLists>
  <TestEntries>
    <TestEntry testId="12a5c15c-67f7-d728-c2f3-ae15c1da0fe4" executionId="34a1913a-d8ed-427f-8083-c263bd337c4f" testListId="8c84fa94-04c1-424b-9868-57a2d4851a1d" />
  </TestEntries>
  <Results>
    <UnitTestResult executionId="34a1913a-d8ed-427f-8083-c263bd337c4f" testId="12a5c15c-67f7-d728-c2f3-ae15c1da0fe4" testName="LoadData" computerName="ARISTOTLE" duration="00:01:03.2908115" startTime="2012-10-27T18:21:46.9024578-04:00" endTime="2012-10-27T18:22:50.1932693-04:00" testType="13cdc9d9-ddb5-4fa4-a97d-d965ccfc6d4b" outcome="Aborted" testListId="8c84fa94-04c1-424b-9868-57a2d4851a1d" relativeResultsDirectory="34a1913a-d8ed-427f-8083-c263bd337c4f">
    </UnitTestResult>
  </Results>
</TestRun>