<?xml version="1.0" encoding="UTF-8"?>
<TestRun id="a4051faa-d905-4972-b7db-101c576dd142" name="A27A7WT@ARISTOTLE 2012-10-27 17:56:16" runUser="GEAEAVSYS\A27A7WT" xmlns="http://microsoft.com/schemas/VisualStudio/TeamTest/2010">
  <TestSettings name="Default Test Settings" id="701984ca-c64d-43da-a9e1-2e0855896d5e">
    <Deployment runDeploymentRoot="A27A7WT_ARISTOTLE 2012-10-27 17_56_16">
      <DeploymentItem filename="D:\SPCASW\SPCASW\packages\EntityFramework.4.1.10331.0\lib\EntityFramework.dll" />
      <DeploymentItem filename="D:\SPCASW\SPCASW\SPCASW.Data\bin\Debug\SPCASW.Data.dll" />
      <DeploymentItem filename="D:\SPCASW\SPCASW\SPCASW.Common\bin\Debug\SPCASW.Common.dll" />
      <DeploymentItem filename="D:\SPCASW\SPCASW\SPCASW.Marketing\bin\Debug\SPCASW.Marketing.dll" />
      <DeploymentItem filename="D:\SPCASW\SPCASW\SPCASW.PetPoint\bin\Debug\SPCASW.PetPoint.dll" />
    </Deployment>
    <Execution>
      <TestTypeSpecific />
      <AgentRule name="Execution Agents">
      </AgentRule>
    </Execution>
  </TestSettings>
  <Times creation="2012-10-27T17:56:16.4903305-04:00" queuing="2012-10-27T17:56:19.3094918-04:00" start="2012-10-27T17:56:19.3494941-04:00" finish="2012-10-27T17:56:20.1115376-04:00" />
  <ResultSummary outcome="Failed">
    <Counters total="1" executed="1" error="0" failed="1" timeout="0" aborted="0" inconclusive="0" passedButRunAborted="0" notRunnable="0" notExecuted="0" disconnected="0" warning="0" passed="0" completed="0" inProgress="0" pending="0" />
  </ResultSummary>
  <TestDefinitions>
    <UnitTest name="LoadData" storage="d:\spcasw\spcasw\spcasw.tests\bin\debug\spcasw.tests.dll" id="12a5c15c-67f7-d728-c2f3-ae15c1da0fe4">
      <Execution id="a61d65c4-7520-4d61-9e39-7e052126c863" />
      <TestMethod codeBase="D:/SPCASW/SPCASW/SPCASW.Tests/bin/Debug/SPCASW.Tests.DLL" adapterTypeName="Microsoft.VisualStudio.TestTools.TestTypes.Unit.UnitTestAdapter, Microsoft.VisualStudio.QualityTools.Tips.UnitTest.Adapter, Version=10.0.0.0, Culture=neutral, PublicKeyToken=b03f5f7f11d50a3a" className="SPCASW.Tests.Controllers.LoadPetPointData, SPCASW.Tests, Version=1.0.0.0, Culture=neutral, PublicKeyToken=null" name="LoadData" />
    </UnitTest>
  </TestDefinitions>
  <TestLists>
    <TestList name="Results Not in a List" id="8c84fa94-04c1-424b-9868-57a2d4851a1d" />
    <TestList name="All Loaded Results" id="19431567-8539-422a-85d7-44ee4e166bda" />
  </TestLists>
  <TestEntries>
    <TestEntry testId="12a5c15c-67f7-d728-c2f3-ae15c1da0fe4" executionId="a61d65c4-7520-4d61-9e39-7e052126c863" testListId="8c84fa94-04c1-424b-9868-57a2d4851a1d" />
  </TestEntries>
  <Results>
    <UnitTestResult executionId="a61d65c4-7520-4d61-9e39-7e052126c863" testId="12a5c15c-67f7-d728-c2f3-ae15c1da0fe4" testName="LoadData" computerName="ARISTOTLE" duration="00:00:00.3412750" startTime="2012-10-27T17:56:19.3634949-04:00" endTime="2012-10-27T17:56:20.0605347-04:00" testType="13cdc9d9-ddb5-4fa4-a97d-d965ccfc6d4b" outcome="Failed" testListId="8c84fa94-04c1-424b-9868-57a2d4851a1d" relativeResultsDirectory="a61d65c4-7520-4d61-9e39-7e052126c863">
      <Output>
        <ErrorInfo>
          <Message>Test method SPCASW.Tests.Controllers.LoadPetPointData.LoadData threw exception: 
System.ArgumentOutOfRangeException: Index and length must refer to a location within the string.
Parameter name: length</Message>
          <StackTrace>    at System.String.InternalSubStringWithChecks(Int32 startIndex, Int32 length, Boolean fAlwaysCopy)
   at System.String.Substring(Int32 startIndex, Int32 length)
   at SPCASW.PetPoint.XmlParser.XmlParser.Parse() in D:\SPCASW\SPCASW\SPCASW.PetPoint\XmlParser.cs:line 195
   at SPCASW.PetPoint.XmlParser.XmlParser..ctor(String filepath) in D:\SPCASW\SPCASW\SPCASW.PetPoint\XmlParser.cs:line 23
   at SPCASW.Tests.Controllers.LoadPetPointData.LoadData() in D:\SPCASW\SPCASW\SPCASW.Tests\Controllers\LoadPetPointData.cs:line 18
</StackTrace>
        </ErrorInfo>
      </Output>
    </UnitTestResult>
  </Results>
</TestRun>