<?xml version="1.0" encoding="UTF-8"?>
<TestRun id="fc3f9dbd-0160-43bc-8174-6312b0239004" name="A27A7WT@ARISTOTLE 2012-10-27 18:50:20" runUser="GEAEAVSYS\A27A7WT" xmlns="http://microsoft.com/schemas/VisualStudio/TeamTest/2010">
  <TestSettings name="Default Test Settings" id="80707ece-6432-433a-9285-29f60b41c680">
    <Deployment runDeploymentRoot="A27A7WT_ARISTOTLE 2012-10-27 18_50_20">
      <DeploymentItem filename="D:\SPCASW\SPCASW\packages\EntityFramework.4.1.10331.0\lib\EntityFramework.dll" />
      <DeploymentItem filename="D:\SPCASW\SPCASW\SPCASW.Data\bin\Debug\SPCASW.Data.dll" />
      <DeploymentItem filename="D:\SPCASW\SPCASW\SPCASW.Common\bin\Debug\SPCASW.Common.dll" />
      <DeploymentItem filename="D:\SPCASW\SPCASW\SPCASW.Marketing\bin\Debug\SPCASW.Marketing.dll" />
      <DeploymentItem filename="D:\SPCASW\SPCASW\SPCASW.PetPoint\bin\Debug\SPCASW.PetPoint.dll" />
    </Deployment>
    <Execution>
      <TestTypeSpecific />
      <AgentRule name="Execution Agents">
      </AgentRule>
    </Execution>
  </TestSettings>
  <Times creation="2012-10-27T18:50:20.6329548-04:00" queuing="2012-10-27T18:50:23.1153938-04:00" start="2012-10-27T18:50:23.3181942-04:00" finish="2012-10-27T18:50:51.9084580-04:00" />
  <ResultSummary outcome="Completed">
    <Counters total="1" executed="1" passed="1" error="0" failed="0" timeout="0" aborted="0" inconclusive="0" passedButRunAborted="0" notRunnable="0" notExecuted="0" disconnected="0" warning="0" completed="0" inProgress="0" pending="0" />
  </ResultSummary>
  <TestDefinitions>
    <UnitTest name="LoadData" storage="d:\spcasw\spcasw\spcasw.tests\bin\debug\spcasw.tests.dll" id="12a5c15c-67f7-d728-c2f3-ae15c1da0fe4">
      <Execution id="3e34962b-382e-4b83-b378-a70f2a37e520" />
      <TestMethod codeBase="D:/SPCASW/SPCASW/SPCASW.Tests/bin/Debug/SPCASW.Tests.DLL" adapterTypeName="Microsoft.VisualStudio.TestTools.TestTypes.Unit.UnitTestAdapter, Microsoft.VisualStudio.QualityTools.Tips.UnitTest.Adapter, Version=10.0.0.0, Culture=neutral, PublicKeyToken=b03f5f7f11d50a3a" className="SPCASW.Tests.Controllers.LoadPetPointData, SPCASW.Tests, Version=1.0.0.0, Culture=neutral, PublicKeyToken=null" name="LoadData" />
    </UnitTest>
  </TestDefinitions>
  <TestLists>
    <TestList name="Results Not in a List" id="8c84fa94-04c1-424b-9868-57a2d4851a1d" />
    <TestList name="All Loaded Results" id="19431567-8539-422a-85d7-44ee4e166bda" />
  </TestLists>
  <TestEntries>
    <TestEntry testId="12a5c15c-67f7-d728-c2f3-ae15c1da0fe4" executionId="3e34962b-382e-4b83-b378-a70f2a37e520" testListId="8c84fa94-04c1-424b-9868-57a2d4851a1d" />
  </TestEntries>
  <Results>
    <UnitTestResult executionId="3e34962b-382e-4b83-b378-a70f2a37e520" testId="12a5c15c-67f7-d728-c2f3-ae15c1da0fe4" testName="LoadData" computerName="ARISTOTLE" duration="00:00:25.2094279" startTime="2012-10-27T18:50:23.4897945-04:00" endTime="2012-10-27T18:50:50.1612549-04:00" testType="13cdc9d9-ddb5-4fa4-a97d-d965ccfc6d4b" outcome="Passed" testListId="8c84fa94-04c1-424b-9868-57a2d4851a1d" relativeResultsDirectory="3e34962b-382e-4b83-b378-a70f2a37e520">
    </UnitTestResult>
  </Results>
</TestRun>